<?xml version="1.0" encoding="UTF-8"?>
<!-- Generated by org.testng.reporters.JUnitReportReporter -->
<testsuite hostname="IN-C38Z9K3" failures="0" tests="2" name="Pr.Automation" time="96.726" errors="0" timestamp="2023-04-14T14:17:24 IST" skipped="0">
  <testcase classname="Pr.Automation" name="test" time="95.891"/>
  <system-out/>
  <testcase classname="Pr.Automation" name="test2" time="0.835"/>
  <system-out/>
</testsuite> <!-- Pr.Automation -->
